<?xml version="1.0" encoding="UTF-8"?>
<!-- Generated by org.testng.reporters.JUnitReportReporter -->
<testsuite hostname="DESKTOP-EFM9JGP" failures="0" tests="1" name="soapServices.EmployeeServicesSingleTest" time="2.376" errors="0" timestamp="2020-07-21T02:17:43 IST" skipped="0">
  <testcase classname="soapServices.EmployeeServicesSingleTest" name="SoapTest_TS" time="2.376"/>
  <system-out/>
</testsuite> <!-- soapServices.EmployeeServicesSingleTest -->
