<?xml version="1.0" encoding="UTF-8"?>
<!-- Generated by org.testng.reporters.JUnitReportReporter -->
<testsuite hostname="DESKTOP-EFM9JGP" failures="0" tests="1" name="restServices.LibraryServicesSingleTest" time="7.237" errors="0" timestamp="2020-07-21T02:17:43 IST" skipped="0">
  <testcase classname="restServices.LibraryServicesSingleTest" name="restTest_TS" time="7.237"/>
  <system-out/>
</testsuite> <!-- restServices.LibraryServicesSingleTest -->
