<?xml version="1.0" encoding="UTF-8"?>
<!-- Generated by org.testng.reporters.JUnitReportReporter -->
<testsuite hostname="DESKTOP-EFM9JGP" failures="0" tests="4" name="restServices.LibraryServicesMultipleTest" time="4.738" errors="0" timestamp="2020-07-21T02:17:43 IST" skipped="0">
  <testcase classname="restServices.LibraryServicesMultipleTest" name="restTest_tS4" time="0.804"/>
  <system-out/>
  <testcase classname="restServices.LibraryServicesMultipleTest" name="SoapTest_TS1" time="1.282"/>
  <system-out/>
  <testcase classname="restServices.LibraryServicesMultipleTest" name="restTest_TS2" time="0.733"/>
  <system-out/>
  <testcase classname="restServices.LibraryServicesMultipleTest" name="restTest_TS3" time="1.919"/>
  <system-out/>
</testsuite> <!-- restServices.LibraryServicesMultipleTest -->
