<?xml version="1.0" encoding="UTF-8"?>
<!-- Generated by org.testng.reporters.JUnitReportReporter -->
<testsuite hostname="DESKTOP-EFM9JGP" failures="0" tests="3" name="soapServices.EmployeeServicesMultipleTest" time="1.250" errors="0" timestamp="2020-07-21T02:17:43 IST" skipped="0">
  <testcase classname="soapServices.EmployeeServicesMultipleTest" name="SoapTest_TS2" time="0.760"/>
  <system-out/>
  <testcase classname="soapServices.EmployeeServicesMultipleTest" name="SoapTest_TS1" time="0.288"/>
  <system-out/>
  <testcase classname="soapServices.EmployeeServicesMultipleTest" name="SoapTest_TS3" time="0.202"/>
  <system-out/>
</testsuite> <!-- soapServices.EmployeeServicesMultipleTest -->
